<?xml version="1.0" encoding="UTF-8"?>
<!-- Generated by org.testng.reporters.JUnitReportReporter -->
<testsuite skipped="0" hostname="LAPTOP-G31DK20I" name="com.TestCases.TestCase1" tests="1" failures="0" timestamp="2020-03-16T14:12:59 IST" time="39.203" errors="0">
  <testcase name="f" time="39.203" classname="com.TestCases.TestCase1"/>
  <system-out/>
</testsuite> <!-- com.TestCases.TestCase1 -->
